0 info it worked if it ends with ok
1 verbose cli [ 'node', '/usr/bin/npm', 'install', '-g', 'grunt-cli' ]
2 info using npm@1.3.10
3 info using node@v0.10.18
4 verbose node symlink /usr/bin/node
5 verbose cache add [ 'grunt-cli', null ]
6 verbose cache add name=undefined spec="grunt-cli" args=["grunt-cli",null]
7 verbose parsed url { protocol: null,
7 verbose parsed url   slashes: null,
7 verbose parsed url   auth: null,
7 verbose parsed url   host: null,
7 verbose parsed url   port: null,
7 verbose parsed url   hostname: null,
7 verbose parsed url   hash: null,
7 verbose parsed url   search: null,
7 verbose parsed url   query: null,
7 verbose parsed url   pathname: 'grunt-cli',
7 verbose parsed url   path: 'grunt-cli',
7 verbose parsed url   href: 'grunt-cli' }
8 silly lockFile 671ef8ac-grunt-cli grunt-cli
9 verbose lock grunt-cli /home/davi/.npm/671ef8ac-grunt-cli.lock
10 silly lockFile 671ef8ac-grunt-cli grunt-cli
11 silly lockFile 671ef8ac-grunt-cli grunt-cli
12 verbose addNamed [ 'grunt-cli', '' ]
13 verbose addNamed [ null, '*' ]
14 silly lockFile d63f3d0b-grunt-cli grunt-cli@
15 verbose lock grunt-cli@ /home/davi/.npm/d63f3d0b-grunt-cli.lock
16 silly addNameRange { name: 'grunt-cli', range: '*', hasData: false }
17 verbose url raw grunt-cli
18 verbose url resolving [ 'https://registry.npmjs.org/', './grunt-cli' ]
19 verbose url resolved https://registry.npmjs.org/grunt-cli
20 info trying registry request attempt 1 at 18:10:26
21 http GET https://registry.npmjs.org/grunt-cli
22 http 200 https://registry.npmjs.org/grunt-cli
23 silly registry.get cb [ 200,
23 silly registry.get   { vary: 'Accept',
23 silly registry.get     server: 'CouchDB/1.3.1 (Erlang OTP/R15B03)',
23 silly registry.get     etag: '"9EJOYE8EFRC0WD2KB69TFY1IP"',
23 silly registry.get     date: 'Fri, 20 Sep 2013 21:10:27 GMT',
23 silly registry.get     'content-type': 'application/json',
23 silly registry.get     'content-length': '22889' } ]
24 silly addNameRange number 2 { name: 'grunt-cli', range: '*', hasData: true }
25 silly addNameRange versions [ 'grunt-cli',
25 silly addNameRange   [ '0.1.0',
25 silly addNameRange     '0.1.1',
25 silly addNameRange     '0.1.2',
25 silly addNameRange     '0.1.3',
25 silly addNameRange     '0.1.4',
25 silly addNameRange     '0.1.5',
25 silly addNameRange     '0.1.6',
25 silly addNameRange     '0.1.7',
25 silly addNameRange     '0.1.8',
25 silly addNameRange     '0.1.9' ] ]
26 verbose addNamed [ 'grunt-cli', '0.1.9' ]
27 verbose addNamed [ '0.1.9', '0.1.9' ]
28 silly lockFile 8faf2ed8-grunt-cli-0-1-9 grunt-cli@0.1.9
29 verbose lock grunt-cli@0.1.9 /home/davi/.npm/8faf2ed8-grunt-cli-0-1-9.lock
30 silly lockFile a0965bb5-rg-grunt-cli-grunt-cli-0-1-9-tgz https://registry.npmjs.org/grunt-cli/-/grunt-cli-0.1.9.tgz
31 verbose lock https://registry.npmjs.org/grunt-cli/-/grunt-cli-0.1.9.tgz /home/davi/.npm/a0965bb5-rg-grunt-cli-grunt-cli-0-1-9-tgz.lock
32 verbose addRemoteTarball [ 'https://registry.npmjs.org/grunt-cli/-/grunt-cli-0.1.9.tgz',
32 verbose addRemoteTarball   '3f08bfb0bef30ba33083defe53efe0575cbe4e14' ]
33 silly lockFile a0965bb5-rg-grunt-cli-grunt-cli-0-1-9-tgz https://registry.npmjs.org/grunt-cli/-/grunt-cli-0.1.9.tgz
34 silly lockFile a0965bb5-rg-grunt-cli-grunt-cli-0-1-9-tgz https://registry.npmjs.org/grunt-cli/-/grunt-cli-0.1.9.tgz
35 silly lockFile 8faf2ed8-grunt-cli-0-1-9 grunt-cli@0.1.9
36 silly lockFile 8faf2ed8-grunt-cli-0-1-9 grunt-cli@0.1.9
37 silly lockFile d63f3d0b-grunt-cli grunt-cli@
38 silly lockFile d63f3d0b-grunt-cli grunt-cli@
39 error Error: EACCES, mkdir '/home/davi/tmp/npm-11954-OGBIiyWW'
39 error  { [Error: EACCES, mkdir '/home/davi/tmp/npm-11954-OGBIiyWW']
39 error   errno: 3,
39 error   code: 'EACCES',
39 error   path: '/home/davi/tmp/npm-11954-OGBIiyWW' }
40 error Please try running this command again as root/Administrator.
41 error System Linux 3.8.0-30-generic
42 error command "node" "/usr/bin/npm" "install" "-g" "grunt-cli"
43 error cwd /home/davi/Dropbox/140medley
44 error node -v v0.10.18
45 error npm -v 1.3.10
46 error path /home/davi/tmp/npm-11954-OGBIiyWW
47 error code EACCES
48 error errno 3
49 error stack Error: EACCES, mkdir '/home/davi/tmp/npm-11954-OGBIiyWW'
50 verbose exit [ 3, true ]
